<?xml version="1.0" encoding="UTF-8"?>
<!-- Generated by org.testng.reporters.JUnitXMLReporter -->
<testsuite hostname="This-PC" ignored="0" name="Default test(failed)" tests="2" failures="0" timestamp="2021-12-03T11:54:02 IST" time="49.055" errors="0">
  <testcase name="runScenario" time="2.137" classname="io.cucumber.testng.AbstractTestNGCucumberTests"/>
  <testcase name="runScenario" time="0.046" classname="io.cucumber.testng.AbstractTestNGCucumberTests"/>
</testsuite> <!-- Default test(failed) -->
