<?xml version="1.0" encoding="UTF-8"?>
<!-- Generated by org.testng.reporters.JUnitXMLReporter -->
<testsuite hostname="This-PC" ignored="0" name="Test" tests="1" failures="0" timestamp="2021-11-10T19:07:58 IST" time="3.162" errors="0">
  <testcase name="@BeforeMethod setUp" time="2.971" classname="com.Daisy.config.BaseClass">
    <failure type="java.lang.NoSuchMethodError" message="com.google.common.collect.ImmutableList.toImmutableList()Ljava/util/stream/Collector;">
      <![CDATA[java.lang.NoSuchMethodError: com.google.common.collect.ImmutableList.toImmutableList()Ljava/util/stream/Collector;
at org.openqa.selenium.remote.CapabilitiesUtils.makeW3CSafe(CapabilitiesUtils.java:98)
at org.openqa.selenium.remote.CapabilitiesUtils.makeW3CSafe(CapabilitiesUtils.java:70)
at java.util.stream.ReferencePipeline$7$1.accept(ReferencePipeline.java:267)
at java.util.Collections$2.tryAdvance(Collections.java:4719)
at java.util.Collections$2.forEachRemaining(Collections.java:4727)
at java.util.stream.AbstractPipeline.copyInto(AbstractPipeline.java:482)
at java.util.stream.AbstractPipeline.wrapAndCopyInto(AbstractPipeline.java:472)
at java.util.stream.ReduceOps$ReduceOp.evaluateSequential(ReduceOps.java:708)
at java.util.stream.AbstractPipeline.evaluate(AbstractPipeline.java:234)
at java.util.stream.ReferencePipeline.collect(ReferencePipeline.java:499)
at org.openqa.selenium.remote.DriverCommand.NEW_SESSION(DriverCommand.java:65)
at org.openqa.selenium.remote.RemoteWebDriver.startSession(RemoteWebDriver.java:246)
at org.openqa.selenium.remote.RemoteWebDriver.<init>(RemoteWebDriver.java:168)
at org.openqa.selenium.chromium.ChromiumDriver.<init>(ChromiumDriver.java:108)
at org.openqa.selenium.chrome.ChromeDriver.<init>(ChromeDriver.java:104)
at org.openqa.selenium.chrome.ChromeDriver.<init>(ChromeDriver.java:91)
at org.openqa.selenium.chrome.ChromeDriver.<init>(ChromeDriver.java:46)
at com.Daisy.UIKeywords.UIKeywords.openBrowser(UIKeywords.java:27)
at com.Daisy.config.BaseClass.setUp(BaseClass.java:13)
at java.util.ArrayList.forEach(ArrayList.java:1259)
... Removed 31 stack frames]]>
    </failure>
  </testcase> <!-- @BeforeMethod setUp -->
  <testcase name="verifyLoginpage" time="0.0" classname="com.Daisy.TestCase.TestcaseTC_001">
    <skipped/>
  </testcase> <!-- verifyLoginpage -->
</testsuite> <!-- Test -->
