<?xml version="1.0" encoding="UTF-8"?>
<testng-results skipped="0" failed="0" ignored="0" total="1" passed="1">
  <reporter-output>
  </reporter-output>
  <suite name="Suite" duration-ms="100805" started-at="2021-12-29T19:52:23 IST" finished-at="2021-12-29T19:54:04 IST">
    <groups>
    </groups>
    <test name="Test" duration-ms="100805" started-at="2021-12-29T19:52:23 IST" finished-at="2021-12-29T19:54:04 IST">
      <class name="com.Daisy.TestCase.TestcaseTC_001">
        <test-method status="PASS" signature="setUp()[pri:0, instance:com.Daisy.TestCase.TestcaseTC_001@1d2adfbe]" name="setUp" is-config="true" duration-ms="66807" started-at="2021-12-29T19:52:23 IST" finished-at="2021-12-29T19:53:30 IST">
          <reporter-output>
          </reporter-output>
        </test-method> <!-- setUp -->
        <test-method status="PASS" signature="verifyLoginpage()[pri:0, instance:com.Daisy.TestCase.TestcaseTC_001@1d2adfbe]" name="verifyLoginpage" duration-ms="28413" started-at="2021-12-29T19:53:34 IST" finished-at="2021-12-29T19:54:03 IST">
          <reporter-output>
          </reporter-output>
        </test-method> <!-- verifyLoginpage -->
        <test-method status="PASS" signature="tearDown()[pri:0, instance:com.Daisy.TestCase.TestcaseTC_001@1d2adfbe]" name="tearDown" is-config="true" duration-ms="1003" started-at="2021-12-29T19:54:03 IST" finished-at="2021-12-29T19:54:04 IST">
          <reporter-output>
          </reporter-output>
        </test-method> <!-- tearDown -->
      </class> <!-- com.Daisy.TestCase.TestcaseTC_001 -->
    </test> <!-- Test -->
  </suite> <!-- Suite -->
</testng-results>
